2017-11-17 17:46:53 - (sanic)[DEBUG]: 
                 ▄▄▄▄▄
        ▀▀▀██████▄▄▄       _______________
      ▄▄▄▄▄  █████████▄  /                 \
     ▀▀▀▀█████▌ ▀▐▄ ▀▐█ |   Gotta go fast!  |
   ▀▀█████▄▄ ▀██████▄██ | _________________/
   ▀▄▄▄▄▄  ▀▀█▄▀█════█▀ |/
        ▀▀▀▄  ▀▀███ ▀       ▄▄
     ▄███▀▀██▄████████▄ ▄▀▀▀▀▀▀█▌
   ██▀▄▄▄██▀▄███▀ ▀▀████      ▄██
▄▀▀▀▄██▄▀▀▌████▒▒▒▒▒▒███     ▌▄▄▀
▌    ▐▀████▐███▒▒▒▒▒▐██▌
▀▄▄▄▄▀   ▀▀████▒▒▒▒▄██▀
          ▀▀█████████▀
        ▄▄██▀██████▀█
      ▄██▀     ▀▀▀  █
     ▄█             ▐▌
 ▄▄▄▄█▌              ▀█▄▄▄▄▀▀▄
▌     ▐                ▀▀▄▄▄▀
 ▀▀▄▄▀

2017-11-17 17:46:53 - (sanic)[INFO]: Goin' Fast @ http://0.0.0.0:8080
2017-11-17 17:46:54 - (sanic)[INFO]: Starting worker [468]
